<?xml version="1.0" encoding="UTF-8"?>
<testng-results ignored="0" total="1" passed="1" failed="0" skipped="0">
  <reporter-output>
  </reporter-output>
  <suite started-at="2024-07-05T11:19:38 ART" name="Default suite" finished-at="2024-07-05T11:20:13 ART" duration-ms="35268">
    <groups>
    </groups>
    <test started-at="2024-07-05T11:19:38 ART" name="Default test" finished-at="2024-07-05T11:20:13 ART" duration-ms="35268">
      <class name="Tests.PurchaseProductTest">
        <test-method is-config="true" signature="setUp()[pri:0, instance:Tests.PurchaseProductTest@619713e5]" started-at="2024-07-05T11:19:38 ART" name="setUp" finished-at="2024-07-05T11:19:48 ART" duration-ms="10250" status="PASS">
          <reporter-output>
          </reporter-output>
        </test-method> <!-- setUp -->
        <test-method signature="testPurchaseProduct()[pri:0, instance:Tests.PurchaseProductTest@619713e5]" started-at="2024-07-05T11:19:48 ART" name="testPurchaseProduct" finished-at="2024-07-05T11:20:13 ART" duration-ms="24880" status="PASS">
          <reporter-output>
          </reporter-output>
        </test-method> <!-- testPurchaseProduct -->
        <test-method is-config="true" signature="tearDown()[pri:0, instance:Tests.PurchaseProductTest@619713e5]" started-at="2024-07-05T11:20:13 ART" name="tearDown" finished-at="2024-07-05T11:20:13 ART" duration-ms="120" status="PASS">
          <reporter-output>
          </reporter-output>
        </test-method> <!-- tearDown -->
      </class> <!-- Tests.PurchaseProductTest -->
    </test> <!-- Default test -->
  </suite> <!-- Default suite -->
</testng-results>
